#
# There is insufficient memory for the Java Runtime Environment to continue.
# Native memory allocation (malloc) failed to allocate 457376 bytes for Chunk::new
# Possible reasons:
#   The system is out of physical RAM or swap space
#   The process is running with CompressedOops enabled, and the Java Heap may be blocking the growth of the native heap
# Possible solutions:
#   Reduce memory load on the system
#   Increase physical memory or swap space
#   Check if swap backing store is full
#   Decrease Java heap size (-Xmx/-Xms)
#   Decrease number of Java threads
#   Decrease Java thread stack sizes (-Xss)
#   Set larger code cache with -XX:ReservedCodeCacheSize=
#   JVM is running with Zero Based Compressed Oops mode in which the Java heap is
#     placed in the first 32GB address space. The Java Heap base address is the
#     maximum limit for the native heap growth. Please use -XX:HeapBaseMinAddress
#     to set the Java Heap base and to place the Java Heap above 32GB virtual address.
# This output file may be truncated or incomplete.
#
#  Out of Memory Error (./open/src/hotspot/share/memory/arena.cpp:195), pid=4232, tid=2032
#
# JRE version: Java(TM) SE Runtime Environment (14.0.2+12) (build 14.0.2+12-46)
# Java VM: Java HotSpot(TM) 64-Bit Server VM (14.0.2+12-46, mixed mode, sharing, tiered, compressed oops, g1 gc, windows-amd64)
# No core dump will be written. Minidumps are not enabled by default on client versions of Windows
#

---------------  S U M M A R Y ------------

Command Line: -Dclassworlds.conf=C:\Program Files\NetBeans-15\netbeans\java\maven\bin\m2.conf -Dmaven.home=C:\Program Files\NetBeans-15\netbeans\java\maven -Dlibrary.jansi.path=C:\Program Files\NetBeans-15\netbeans\java\maven\lib\jansi-native -Dmaven.multiModuleProjectDirectory=C:\Users\Admin\Documents\NetBeansProjects\cnpmtotnghiep org.codehaus.plexus.classworlds.launcher.Launcher -Dexec.vmArgs= -Dexec.args=${exec.vmArgs} -classpath %classpath ${exec.mainClass} ${exec.appArgs} -Dexec.executable=java -Dexec.mainClass=dao.ComboDishesDAO -Dexec.classpathScope=runtime -Dexec.appArgs= -Dmaven.ext.class.path=C:\Program Files\NetBeans-15\netbeans\java\maven-nblib\netbeans-eventspy.jar -Dfile.encoding=UTF-8 org.codehaus.mojo:exec-maven-plugin:3.0.0:exec

Host: Intel(R) Core(TM) i5-8400 CPU @ 2.80GHz, 6 cores, 15G,  Windows 10 , 64 bit Build 19041 (10.0.19041.2251)
Time: Tue Dec  6 17:38:09 2022 SE Asia Standard Time elapsed time: 0 seconds (0d 0h 0m 0s)

---------------  T H R E A D  ---------------

Current thread (0x00000181badec800):  JavaThread "C2 CompilerThread0" daemon [_thread_in_native, id=2032, stack(0x0000003f35f00000,0x0000003f36000000)]


Current CompileTask:
C2:    672 1241  s    4       jdk.internal.jimage.BasicImageReader::findLocation (115 bytes)

Stack: [0x0000003f35f00000,0x0000003f36000000]
Native frames: (J=compiled Java code, j=interpreted, Vv=VM code, C=native code)
V  [jvm.dll+0x5f8a9a]
V  [jvm.dll+0x74247a]
V  [jvm.dll+0x743c2f]
V  [jvm.dll+0x744273]
V  [jvm.dll+0x20d288]
V  [jvm.dll+0xabb07]
V  [jvm.dll+0xac1fc]
V  [jvm.dll+0x276db4]
V  [jvm.dll+0x50cffa]
V  [jvm.dll+0x1ee1da]
V  [jvm.dll+0x1e7cfb]
V  [jvm.dll+0x1e4f98]
V  [jvm.dll+0x1779cc]
V  [jvm.dll+0x1f4105]
V  [jvm.dll+0x1f22eb]
V  [jvm.dll+0x7070cd]
V  [jvm.dll+0x6ffeda]
V  [jvm.dll+0x5f78f6]
C  [ucrtbase.dll+0x21bb2]
C  [KERNEL32.DLL+0x174b4]
C  [ntdll.dll+0x526a1]


---------------  P R O C E S S  ---------------

Threads class SMR info:
_java_thread_list=0x00000181bc3012f0, length=12, elements={
0x0000018197412000, 0x00000181badc7000, 0x00000181badc8000, 0x00000181bade3000,
0x00000181bade8800, 0x00000181badeb800, 0x00000181badec800, 0x00000181baded800,
0x00000181bb672000, 0x00000181bb7b1800, 0x00000181bb7b7000, 0x00000181bbdd7800
}

Java Threads: ( => current thread )
  0x0000018197412000 JavaThread "main" [_thread_blocked, id=2176, stack(0x0000003f35300000,0x0000003f35400000)]
  0x00000181badc7000 JavaThread "Reference Handler" daemon [_thread_blocked, id=18988, stack(0x0000003f35a00000,0x0000003f35b00000)]
  0x00000181badc8000 JavaThread "Finalizer" daemon [_thread_blocked, id=2488, stack(0x0000003f35b00000,0x0000003f35c00000)]
  0x00000181bade3000 JavaThread "Signal Dispatcher" daemon [_thread_blocked, id=20420, stack(0x0000003f35c00000,0x0000003f35d00000)]
  0x00000181bade8800 JavaThread "Attach Listener" daemon [_thread_blocked, id=11544, stack(0x0000003f35d00000,0x0000003f35e00000)]
  0x00000181badeb800 JavaThread "Service Thread" daemon [_thread_blocked, id=19360, stack(0x0000003f35e00000,0x0000003f35f00000)]
=>0x00000181badec800 JavaThread "C2 CompilerThread0" daemon [_thread_in_native, id=2032, stack(0x0000003f35f00000,0x0000003f36000000)]
  0x00000181baded800 JavaThread "C1 CompilerThread0" daemon [_thread_blocked, id=9288, stack(0x0000003f36000000,0x0000003f36100000)]
  0x00000181bb672000 JavaThread "Sweeper thread" daemon [_thread_blocked, id=12408, stack(0x0000003f36100000,0x0000003f36200000)]
  0x00000181bb7b1800 JavaThread "Notification Thread" daemon [_thread_blocked, id=9676, stack(0x0000003f36200000,0x0000003f36300000)]
  0x00000181bb7b7000 JavaThread "Common-Cleaner" daemon [_thread_blocked, id=17388, stack(0x0000003f36400000,0x0000003f36500000)]
  0x00000181bbdd7800 JavaThread "C2 CompilerThread1" daemon [_thread_in_native, id=10644, stack(0x0000003f36500000,0x0000003f36600000)]

Other Threads:
  0x00000181badc3000 VMThread "VM Thread" [stack: 0x0000003f35900000,0x0000003f35a00000] [id=19852]
  0x00000181bb7b6800 WatcherThread [stack: 0x0000003f36300000,0x0000003f36400000] [id=5184]
  0x0000018197477800 GCTaskThread "GC Thread#0" [stack: 0x0000003f35400000,0x0000003f35500000] [id=18572]
  0x00000181bc2ad800 GCTaskThread "GC Thread#1" [stack: 0x0000003f36600000,0x0000003f36700000] [id=9696]
  0x00000181bc2a5800 GCTaskThread "GC Thread#2" [stack: 0x0000003f36700000,0x0000003f36800000] [id=15988]
  0x00000181bc2a6800 GCTaskThread "GC Thread#3" [stack: 0x0000003f36800000,0x0000003f36900000] [id=19080]
  0x00000181bc269000 GCTaskThread "GC Thread#4" [stack: 0x0000003f36900000,0x0000003f36a00000] [id=12988]
  0x00000181bc269800 GCTaskThread "GC Thread#5" [stack: 0x0000003f36a00000,0x0000003f36b00000] [id=14768]
  0x0000018197499000 ConcurrentGCThread "G1 Main Marker" [stack: 0x0000003f35500000,0x0000003f35600000] [id=18332]
  0x000001819749a000 ConcurrentGCThread "G1 Conc#0" [stack: 0x0000003f35600000,0x0000003f35700000] [id=5620]
  0x00000181bacb4000 ConcurrentGCThread "G1 Refine#0" [stack: 0x0000003f35700000,0x0000003f35800000] [id=14832]
  0x00000181bacb5000 ConcurrentGCThread "G1 Young RemSet Sampling" [stack: 0x0000003f35800000,0x0000003f35900000] [id=17712]

Threads with active compile tasks:
C2 CompilerThread0      710 1241  s    4       jdk.internal.jimage.BasicImageReader::findLocation (115 bytes)
C2 CompilerThread1      710 1237       4       jdk.internal.module.SystemModuleFinders$SystemModuleReader::findImageLocation (42 bytes)

VM state:at safepoint (normal execution)

VM Mutex/Monitor currently owned by a thread:  ([mutex/lock_event])
[0x000001819740d690] Threads_lock - owner thread: 0x00000181badc3000
[0x000001819740c760] Heap_lock - owner thread: 0x0000018197412000

Heap address: 0x0000000700e00000, size: 4082 MB, Compressed Oops mode: Zero based, Oop shift amount: 3
Narrow klass base: 0x0000000800000000, Narrow klass shift: 3
Compressed class space size: 1073741824 Address: 0x0000000800b30000

Heap:
 garbage-first heap   total 262144K, used 4352K [0x0000000700e00000, 0x0000000800000000)
  region size 1024K, 1 young (1024K), 1 survivors (1024K)
 Metaspace       used 7253K, capacity 9633K, committed 9856K, reserved 1064960K
  class space    used 870K, capacity 1129K, committed 1152K, reserved 1048576K
Heap Regions: E=young(eden), S=young(survivor), O=old, HS=humongous(starts), HC=humongous(continues), CS=collection set, F=free, OA=open archive, CA=closed archive, TAMS=top-at-mark-start (previous, next)
|   0|0x0000000700e00000, 0x0000000700f00000, 0x0000000700f00000|100%| O|  |TAMS 0x0000000700e00000, 0x0000000700e61e00| Untracked 
|   1|0x0000000700f00000, 0x0000000701000000, 0x0000000701000000|100%| O|  |TAMS 0x0000000700f00000, 0x0000000700f00000| Untracked 
|   2|0x0000000701000000, 0x0000000701100000, 0x0000000701100000|100%| O|  |TAMS 0x0000000701000000, 0x0000000701000000| Untracked 
|   3|0x0000000701100000, 0x0000000701143000, 0x0000000701200000| 26%| O|  |TAMS 0x0000000701100000, 0x0000000701100000| Untracked 
|   4|0x0000000701200000, 0x0000000701200000, 0x0000000701300000|  0%| F|  |TAMS 0x0000000701200000, 0x0000000701200000| Untracked 
|   5|0x0000000701300000, 0x0000000701300000, 0x0000000701400000|  0%| F|  |TAMS 0x0000000701300000, 0x0000000701300000| Untracked 
|   6|0x0000000701400000, 0x0000000701400000, 0x0000000701500000|  0%| F|  |TAMS 0x0000000701400000, 0x0000000701400000| Untracked 
|   7|0x0000000701500000, 0x0000000701500000, 0x0000000701600000|  0%| F|  |TAMS 0x0000000701500000, 0x0000000701500000| Untracked 
|   8|0x0000000701600000, 0x0000000701600000, 0x0000000701700000|  0%| F|  |TAMS 0x0000000701600000, 0x0000000701600000| Untracked 
|   9|0x0000000701700000, 0x0000000701700000, 0x0000000701800000|  0%| F|  |TAMS 0x0000000701700000, 0x0000000701700000| Untracked 
|  10|0x0000000701800000, 0x0000000701800000, 0x0000000701900000|  0%| F|  |TAMS 0x0000000701800000, 0x0000000701800000| Untracked 
|  11|0x0000000701900000, 0x0000000701900000, 0x0000000701a00000|  0%| F|  |TAMS 0x0000000701900000, 0x0000000701900000| Untracked 
|  12|0x0000000701a00000, 0x0000000701a00000, 0x0000000701b00000|  0%| F|  |TAMS 0x0000000701a00000, 0x0000000701a00000| Untracked 
|  13|0x0000000701b00000, 0x0000000701b00000, 0x0000000701c00000|  0%| F|  |TAMS 0x0000000701b00000, 0x0000000701b00000| Untracked 
|  14|0x0000000701c00000, 0x0000000701c00000, 0x0000000701d00000|  0%| F|  |TAMS 0x0000000701c00000, 0x0000000701c00000| Untracked 
|  15|0x0000000701d00000, 0x0000000701d00000, 0x0000000701e00000|  0%| F|  |TAMS 0x0000000701d00000, 0x0000000701d00000| Untracked 
|  16|0x0000000701e00000, 0x0000000701e00000, 0x0000000701f00000|  0%| F|  |TAMS 0x0000000701e00000, 0x0000000701e00000| Untracked 
|  17|0x0000000701f00000, 0x0000000701f00000, 0x0000000702000000|  0%| F|  |TAMS 0x0000000701f00000, 0x0000000701f00000| Untracked 
|  18|0x0000000702000000, 0x0000000702000000, 0x0000000702100000|  0%| F|  |TAMS 0x0000000702000000, 0x0000000702000000| Untracked 
|  19|0x0000000702100000, 0x0000000702100000, 0x0000000702200000|  0%| F|  |TAMS 0x0000000702100000, 0x0000000702100000| Untracked 
|  20|0x0000000702200000, 0x0000000702200000, 0x0000000702300000|  0%| F|  |TAMS 0x0000000702200000, 0x0000000702200000| Untracked 
|  21|0x0000000702300000, 0x0000000702300000, 0x0000000702400000|  0%| F|  |TAMS 0x0000000702300000, 0x0000000702300000| Untracked 
|  22|0x0000000702400000, 0x0000000702400000, 0x0000000702500000|  0%| F|  |TAMS 0x0000000702400000, 0x0000000702400000| Untracked 
|  23|0x0000000702500000, 0x0000000702500000, 0x0000000702600000|  0%| F|  |TAMS 0x0000000702500000, 0x0000000702500000| Untracked 
|  24|0x0000000702600000, 0x0000000702600000, 0x0000000702700000|  0%| F|  |TAMS 0x0000000702600000, 0x0000000702600000| Untracked 
|  25|0x0000000702700000, 0x0000000702700000, 0x0000000702800000|  0%| F|  |TAMS 0x0000000702700000, 0x0000000702700000| Untracked 
|  26|0x0000000702800000, 0x0000000702800000, 0x0000000702900000|  0%| F|  |TAMS 0x0000000702800000, 0x0000000702800000| Untracked 
|  27|0x0000000702900000, 0x0000000702900000, 0x0000000702a00000|  0%| F|  |TAMS 0x0000000702900000, 0x0000000702900000| Untracked 
|  28|0x0000000702a00000, 0x0000000702a00000, 0x0000000702b00000|  0%| F|  |TAMS 0x0000000702a00000, 0x0000000702a00000| Untracked 
|  29|0x0000000702b00000, 0x0000000702b00000, 0x0000000702c00000|  0%| F|  |TAMS 0x0000000702b00000, 0x0000000702b00000| Untracked 
|  30|0x0000000702c00000, 0x0000000702c00000, 0x0000000702d00000|  0%| F|  |TAMS 0x0000000702c00000, 0x0000000702c00000| Untracked 
|  31|0x0000000702d00000, 0x0000000702d00000, 0x0000000702e00000|  0%| F|  |TAMS 0x0000000702d00000, 0x0000000702d00000| Untracked 
|  32|0x0000000702e00000, 0x0000000702e00000, 0x0000000702f00000|  0%| F|  |TAMS 0x0000000702e00000, 0x0000000702e00000| Untracked 
|  33|0x0000000702f00000, 0x0000000702f00000, 0x0000000703000000|  0%| F|  |TAMS 0x0000000702f00000, 0x0000000702f00000| Untracked 
|  34|0x0000000703000000, 0x0000000703000000, 0x0000000703100000|  0%| F|  |TAMS 0x0000000703000000, 0x0000000703000000| Untracked 
|  35|0x0000000703100000, 0x0000000703100000, 0x0000000703200000|  0%| F|  |TAMS 0x0000000703100000, 0x0000000703100000| Untracked 
|  36|0x0000000703200000, 0x0000000703200000, 0x0000000703300000|  0%| F|  |TAMS 0x0000000703200000, 0x0000000703200000| Untracked 
|  37|0x0000000703300000, 0x0000000703300000, 0x0000000703400000|  0%| F|  |TAMS 0x0000000703300000, 0x0000000703300000| Untracked 
|  38|0x0000000703400000, 0x0000000703400000, 0x0000000703500000|  0%| F|  |TAMS 0x0000000703400000, 0x0000000703400000| Untracked 
|  39|0x0000000703500000, 0x0000000703500000, 0x0000000703600000|  0%| F|  |TAMS 0x0000000703500000, 0x0000000703500000| Untracked 
|  40|0x0000000703600000, 0x0000000703600000, 0x0000000703700000|  0%| F|  |TAMS 0x0000000703600000, 0x0000000703600000| Untracked 
|  41|0x0000000703700000, 0x0000000703700000, 0x0000000703800000|  0%| F|  |TAMS 0x0000000703700000, 0x0000000703700000| Untracked 
|  42|0x0000000703800000, 0x0000000703800000, 0x0000000703900000|  0%| F|  |TAMS 0x0000000703800000, 0x0000000703800000| Untracked 
|  43|0x0000000703900000, 0x0000000703900000, 0x0000000703a00000|  0%| F|  |TAMS 0x0000000703900000, 0x0000000703900000| Untracked 
|  44|0x0000000703a00000, 0x0000000703a00000, 0x0000000703b00000|  0%| F|  |TAMS 0x0000000703a00000, 0x0000000703a00000| Untracked 
|  45|0x0000000703b00000, 0x0000000703b00000, 0x0000000703c00000|  0%| F|  |TAMS 0x0000000703b00000, 0x0000000703b00000| Untracked 
|  46|0x0000000703c00000, 0x0000000703c00000, 0x0000000703d00000|  0%| F|  |TAMS 0x0000000703c00000, 0x0000000703c00000| Untracked 
|  47|0x0000000703d00000, 0x0000000703d00000, 0x0000000703e00000|  0%| F|  |TAMS 0x0000000703d00000, 0x0000000703d00000| Untracked 
|  48|0x0000000703e00000, 0x0000000703e00000, 0x0000000703f00000|  0%| F|  |TAMS 0x0000000703e00000, 0x0000000703e00000| Untracked 
|  49|0x0000000703f00000, 0x0000000703f00000, 0x0000000704000000|  0%| F|  |TAMS 0x0000000703f00000, 0x0000000703f00000| Untracked 
|  50|0x0000000704000000, 0x0000000704000000, 0x0000000704100000|  0%| F|  |TAMS 0x0000000704000000, 0x0000000704000000| Untracked 
|  51|0x0000000704100000, 0x0000000704100000, 0x0000000704200000|  0%| F|  |TAMS 0x0000000704100000, 0x0000000704100000| Untracked 
|  52|0x0000000704200000, 0x0000000704200000, 0x0000000704300000|  0%| F|  |TAMS 0x0000000704200000, 0x0000000704200000| Untracked 
|  53|0x0000000704300000, 0x0000000704300000, 0x0000000704400000|  0%| F|  |TAMS 0x0000000704300000, 0x0000000704300000| Untracked 
|  54|0x0000000704400000, 0x0000000704400000, 0x0000000704500000|  0%| F|  |TAMS 0x0000000704400000, 0x0000000704400000| Untracked 
|  55|0x0000000704500000, 0x0000000704500000, 0x0000000704600000|  0%| F|  |TAMS 0x0000000704500000, 0x0000000704500000| Untracked 
|  56|0x0000000704600000, 0x0000000704600000, 0x0000000704700000|  0%| F|  |TAMS 0x0000000704600000, 0x0000000704600000| Untracked 
|  57|0x0000000704700000, 0x0000000704700000, 0x0000000704800000|  0%| F|  |TAMS 0x0000000704700000, 0x0000000704700000| Untracked 
|  58|0x0000000704800000, 0x0000000704800000, 0x0000000704900000|  0%| F|  |TAMS 0x0000000704800000, 0x0000000704800000| Untracked 
|  59|0x0000000704900000, 0x0000000704900000, 0x0000000704a00000|  0%| F|  |TAMS 0x0000000704900000, 0x0000000704900000| Untracked 
|  60|0x0000000704a00000, 0x0000000704a00000, 0x0000000704b00000|  0%| F|  |TAMS 0x0000000704a00000, 0x0000000704a00000| Untracked 
|  61|0x0000000704b00000, 0x0000000704b00000, 0x0000000704c00000|  0%| F|  |TAMS 0x0000000704b00000, 0x0000000704b00000| Untracked 
|  62|0x0000000704c00000, 0x0000000704c00000, 0x0000000704d00000|  0%| F|  |TAMS 0x0000000704c00000, 0x0000000704c00000| Untracked 
|  63|0x0000000704d00000, 0x0000000704d00000, 0x0000000704e00000|  0%| F|  |TAMS 0x0000000704d00000, 0x0000000704d00000| Untracked 
|  64|0x0000000704e00000, 0x0000000704e00000, 0x0000000704f00000|  0%| F|  |TAMS 0x0000000704e00000, 0x0000000704e00000| Untracked 
|  65|0x0000000704f00000, 0x0000000704f00000, 0x0000000705000000|  0%| F|  |TAMS 0x0000000704f00000, 0x0000000704f00000| Untracked 
|  66|0x0000000705000000, 0x0000000705000000, 0x0000000705100000|  0%| F|  |TAMS 0x0000000705000000, 0x0000000705000000| Untracked 
|  67|0x0000000705100000, 0x0000000705100000, 0x0000000705200000|  0%| F|  |TAMS 0x0000000705100000, 0x0000000705100000| Untracked 
|  68|0x0000000705200000, 0x0000000705200000, 0x0000000705300000|  0%| F|  |TAMS 0x0000000705200000, 0x0000000705200000| Untracked 
|  69|0x0000000705300000, 0x0000000705300000, 0x0000000705400000|  0%| F|  |TAMS 0x0000000705300000, 0x0000000705300000| Untracked 
|  70|0x0000000705400000, 0x0000000705400000, 0x0000000705500000|  0%| F|  |TAMS 0x0000000705400000, 0x0000000705400000| Untracked 
|  71|0x0000000705500000, 0x0000000705500000, 0x0000000705600000|  0%| F|  |TAMS 0x0000000705500000, 0x0000000705500000| Untracked 
|  72|0x0000000705600000, 0x0000000705600000, 0x0000000705700000|  0%| F|  |TAMS 0x0000000705600000, 0x0000000705600000| Untracked 
|  73|0x0000000705700000, 0x0000000705700000, 0x0000000705800000|  0%| F|  |TAMS 0x0000000705700000, 0x0000000705700000| Untracked 
|  74|0x0000000705800000, 0x0000000705800000, 0x0000000705900000|  0%| F|  |TAMS 0x0000000705800000, 0x0000000705800000| Untracked 
|  75|0x0000000705900000, 0x0000000705900000, 0x0000000705a00000|  0%| F|  |TAMS 0x0000000705900000, 0x0000000705900000| Untracked 
|  76|0x0000000705a00000, 0x0000000705a00000, 0x0000000705b00000|  0%| F|  |TAMS 0x0000000705a00000, 0x0000000705a00000| Untracked 
|  77|0x0000000705b00000, 0x0000000705b00000, 0x0000000705c00000|  0%| F|  |TAMS 0x0000000705b00000, 0x0000000705b00000| Untracked 
|  78|0x0000000705c00000, 0x0000000705c00000, 0x0000000705d00000|  0%| F|  |TAMS 0x0000000705c00000, 0x0000000705c00000| Untracked 
|  79|0x0000000705d00000, 0x0000000705d00000, 0x0000000705e00000|  0%| F|  |TAMS 0x0000000705d00000, 0x0000000705d00000| Untracked 
|  80|0x0000000705e00000, 0x0000000705e00000, 0x0000000705f00000|  0%| F|  |TAMS 0x0000000705e00000, 0x0000000705e00000| Untracked 
|  81|0x0000000705f00000, 0x0000000705f00000, 0x0000000706000000|  0%| F|  |TAMS 0x0000000705f00000, 0x0000000705f00000| Untracked 
|  82|0x0000000706000000, 0x0000000706000000, 0x0000000706100000|  0%| F|  |TAMS 0x0000000706000000, 0x0000000706000000| Untracked 
|  83|0x0000000706100000, 0x0000000706100000, 0x0000000706200000|  0%| F|  |TAMS 0x0000000706100000, 0x0000000706100000| Untracked 
|  84|0x0000000706200000, 0x0000000706200000, 0x0000000706300000|  0%| F|  |TAMS 0x0000000706200000, 0x0000000706200000| Untracked 
|  85|0x0000000706300000, 0x0000000706300000, 0x0000000706400000|  0%| F|  |TAMS 0x0000000706300000, 0x0000000706300000| Untracked 
|  86|0x0000000706400000, 0x0000000706400000, 0x0000000706500000|  0%| F|  |TAMS 0x0000000706400000, 0x0000000706400000| Untracked 
|  87|0x0000000706500000, 0x0000000706500000, 0x0000000706600000|  0%| F|  |TAMS 0x0000000706500000, 0x0000000706500000| Untracked 
|  88|0x0000000706600000, 0x0000000706600000, 0x0000000706700000|  0%| F|  |TAMS 0x0000000706600000, 0x0000000706600000| Untracked 
|  89|0x0000000706700000, 0x0000000706700000, 0x0000000706800000|  0%| F|  |TAMS 0x0000000706700000, 0x0000000706700000| Untracked 
|  90|0x0000000706800000, 0x0000000706800000, 0x0000000706900000|  0%| F|  |TAMS 0x0000000706800000, 0x0000000706800000| Untracked 
|  91|0x0000000706900000, 0x0000000706900000, 0x0000000706a00000|  0%| F|  |TAMS 0x0000000706900000, 0x0000000706900000| Untracked 
|  92|0x0000000706a00000, 0x0000000706a00000, 0x0000000706b00000|  0%| F|  |TAMS 0x0000000706a00000, 0x0000000706a00000| Untracked 
|  93|0x0000000706b00000, 0x0000000706b00000, 0x0000000706c00000|  0%| F|  |TAMS 0x0000000706b00000, 0x0000000706b00000| Untracked 
|  94|0x0000000706c00000, 0x0000000706c00000, 0x0000000706d00000|  0%| F|  |TAMS 0x0000000706c00000, 0x0000000706c00000| Untracked 
|  95|0x0000000706d00000, 0x0000000706d00000, 0x0000000706e00000|  0%| F|  |TAMS 0x0000000706d00000, 0x0000000706d00000| Untracked 
|  96|0x0000000706e00000, 0x0000000706e00000, 0x0000000706f00000|  0%| F|  |TAMS 0x0000000706e00000, 0x0000000706e00000| Untracked 
|  97|0x0000000706f00000, 0x0000000706f00000, 0x0000000707000000|  0%| F|  |TAMS 0x0000000706f00000, 0x0000000706f00000| Untracked 
|  98|0x0000000707000000, 0x0000000707000000, 0x0000000707100000|  0%| F|  |TAMS 0x0000000707000000, 0x0000000707000000| Untracked 
|  99|0x0000000707100000, 0x0000000707100000, 0x0000000707200000|  0%| F|  |TAMS 0x0000000707100000, 0x0000000707100000| Untracked 
| 100|0x0000000707200000, 0x0000000707200000, 0x0000000707300000|  0%| F|  |TAMS 0x0000000707200000, 0x0000000707200000| Untracked 
| 101|0x0000000707300000, 0x0000000707300000, 0x0000000707400000|  0%| F|  |TAMS 0x0000000707300000, 0x0000000707300000| Untracked 
| 102|0x0000000707400000, 0x0000000707400000, 0x0000000707500000|  0%| F|  |TAMS 0x0000000707400000, 0x0000000707400000| Untracked 
| 103|0x0000000707500000, 0x0000000707500000, 0x0000000707600000|  0%| F|  |TAMS 0x0000000707500000, 0x0000000707500000| Untracked 
| 104|0x0000000707600000, 0x0000000707600000, 0x0000000707700000|  0%| F|  |TAMS 0x0000000707600000, 0x0000000707600000| Untracked 
| 105|0x0000000707700000, 0x0000000707700000, 0x0000000707800000|  0%| F|  |TAMS 0x0000000707700000, 0x0000000707700000| Untracked 
| 106|0x0000000707800000, 0x0000000707800000, 0x0000000707900000|  0%| F|  |TAMS 0x0000000707800000, 0x0000000707800000| Untracked 
| 107|0x0000000707900000, 0x0000000707900000, 0x0000000707a00000|  0%| F|  |TAMS 0x0000000707900000, 0x0000000707900000| Untracked 
| 108|0x0000000707a00000, 0x0000000707a00000, 0x0000000707b00000|  0%| F|  |TAMS 0x0000000707a00000, 0x0000000707a00000| Untracked 
| 109|0x0000000707b00000, 0x0000000707b00000, 0x0000000707c00000|  0%| F|  |TAMS 0x0000000707b00000, 0x0000000707b00000| Untracked 
| 110|0x0000000707c00000, 0x0000000707c00000, 0x0000000707d00000|  0%| F|  |TAMS 0x0000000707c00000, 0x0000000707c00000| Untracked 
| 111|0x0000000707d00000, 0x0000000707d00000, 0x0000000707e00000|  0%| F|  |TAMS 0x0000000707d00000, 0x0000000707d00000| Untracked 
| 112|0x0000000707e00000, 0x0000000707e00000, 0x0000000707f00000|  0%| F|  |TAMS 0x0000000707e00000, 0x0000000707e00000| Untracked 
| 113|0x0000000707f00000, 0x0000000707f00000, 0x0000000708000000|  0%| F|  |TAMS 0x0000000707f00000, 0x0000000707f00000| Untracked 
| 114|0x0000000708000000, 0x0000000708000000, 0x0000000708100000|  0%| F|  |TAMS 0x0000000708000000, 0x0000000708000000| Untracked 
| 115|0x0000000708100000, 0x0000000708100000, 0x0000000708200000|  0%| F|  |TAMS 0x0000000708100000, 0x0000000708100000| Untracked 
| 116|0x0000000708200000, 0x0000000708200000, 0x0000000708300000|  0%| F|  |TAMS 0x0000000708200000, 0x0000000708200000| Untracked 
| 117|0x0000000708300000, 0x0000000708300000, 0x0000000708400000|  0%| F|  |TAMS 0x0000000708300000, 0x0000000708300000| Untracked 
| 118|0x0000000708400000, 0x0000000708400000, 0x0000000708500000|  0%| F|  |TAMS 0x0000000708400000, 0x0000000708400000| Untracked 
| 119|0x0000000708500000, 0x0000000708500000, 0x0000000708600000|  0%| F|  |TAMS 0x0000000708500000, 0x0000000708500000| Untracked 
| 120|0x0000000708600000, 0x0000000708600000, 0x0000000708700000|  0%| F|  |TAMS 0x0000000708600000, 0x0000000708600000| Untracked 
| 121|0x0000000708700000, 0x0000000708700000, 0x0000000708800000|  0%| F|  |TAMS 0x0000000708700000, 0x0000000708700000| Untracked 
| 122|0x0000000708800000, 0x0000000708800000, 0x0000000708900000|  0%| F|  |TAMS 0x0000000708800000, 0x0000000708800000| Untracked 
| 123|0x0000000708900000, 0x0000000708900000, 0x0000000708a00000|  0%| F|  |TAMS 0x0000000708900000, 0x0000000708900000| Untracked 
| 124|0x0000000708a00000, 0x0000000708a00000, 0x0000000708b00000|  0%| F|  |TAMS 0x0000000708a00000, 0x0000000708a00000| Untracked 
| 125|0x0000000708b00000, 0x0000000708b00000, 0x0000000708c00000|  0%| F|  |TAMS 0x0000000708b00000, 0x0000000708b00000| Untracked 
| 126|0x0000000708c00000, 0x0000000708c00000, 0x0000000708d00000|  0%| F|  |TAMS 0x0000000708c00000, 0x0000000708c00000| Untracked 
| 127|0x0000000708d00000, 0x0000000708d00000, 0x0000000708e00000|  0%| F|  |TAMS 0x0000000708d00000, 0x0000000708d00000| Untracked 
| 128|0x0000000708e00000, 0x0000000708e00000, 0x0000000708f00000|  0%| F|  |TAMS 0x0000000708e00000, 0x0000000708e00000| Untracked 
| 129|0x0000000708f00000, 0x0000000708f00000, 0x0000000709000000|  0%| F|  |TAMS 0x0000000708f00000, 0x0000000708f00000| Untracked 
| 130|0x0000000709000000, 0x0000000709000000, 0x0000000709100000|  0%| F|  |TAMS 0x0000000709000000, 0x0000000709000000| Untracked 
| 131|0x0000000709100000, 0x0000000709100000, 0x0000000709200000|  0%| F|  |TAMS 0x0000000709100000, 0x0000000709100000| Untracked 
| 132|0x0000000709200000, 0x0000000709200000, 0x0000000709300000|  0%| F|  |TAMS 0x0000000709200000, 0x0000000709200000| Untracked 
| 133|0x0000000709300000, 0x0000000709300000, 0x0000000709400000|  0%| F|  |TAMS 0x0000000709300000, 0x0000000709300000| Untracked 
| 134|0x0000000709400000, 0x0000000709400000, 0x0000000709500000|  0%| F|  |TAMS 0x0000000709400000, 0x0000000709400000| Untracked 
| 135|0x0000000709500000, 0x0000000709500000, 0x0000000709600000|  0%| F|  |TAMS 0x0000000709500000, 0x0000000709500000| Untracked 
| 136|0x0000000709600000, 0x0000000709600000, 0x0000000709700000|  0%| F|  |TAMS 0x0000000709600000, 0x0000000709600000| Untracked 
| 137|0x0000000709700000, 0x0000000709700000, 0x0000000709800000|  0%| F|  |TAMS 0x0000000709700000, 0x0000000709700000| Untracked 
| 138|0x0000000709800000, 0x0000000709800000, 0x0000000709900000|  0%| F|  |TAMS 0x0000000709800000, 0x0000000709800000| Untracked 
| 139|0x0000000709900000, 0x0000000709900000, 0x0000000709a00000|  0%| F|  |TAMS 0x0000000709900000, 0x0000000709900000| Untracked 
| 140|0x0000000709a00000, 0x0000000709a00000, 0x0000000709b00000|  0%| F|  |TAMS 0x0000000709a00000, 0x0000000709a00000| Untracked 
| 141|0x0000000709b00000, 0x0000000709b00000, 0x0000000709c00000|  0%| F|  |TAMS 0x0000000709b00000, 0x0000000709b00000| Untracked 
| 142|0x0000000709c00000, 0x0000000709c00000, 0x0000000709d00000|  0%| F|  |TAMS 0x0000000709c00000, 0x0000000709c00000| Untracked 
| 143|0x0000000709d00000, 0x0000000709d00000, 0x0000000709e00000|  0%| F|  |TAMS 0x0000000709d00000, 0x0000000709d00000| Untracked 
| 230|0x000000070f400000, 0x000000070f4fd1b8, 0x000000070f500000| 98%| S|CS|TAMS 0x000000070f400000, 0x000000070f400000| Complete 
| 255|0x0000000710d00000, 0x0000000710d80000, 0x0000000710e00000| 50%| E|  |TAMS 0x0000000710d00000, 0x0000000710d00000| Complete 

Card table byte_map: [0x00000181af4d0000,0x00000181afcd0000] _byte_map_base: 0x00000181abcc9000

Marking Bits (Prev, Next): (CMBitMap*) 0x0000018197478668, (CMBitMap*) 0x0000018197478628
 Prev Bits: [0x00000181b44a0000, 0x00000181b8468000)
 Next Bits: [0x00000181b04d0000, 0x00000181b4498000)

Polling page: 0x0000018195280000

Metaspace:

Usage:
  Non-class:      8.30 MB capacity,     6.24 MB ( 75%) used,     2.06 MB ( 25%) free+waste,     9.88 KB ( <1%) overhead. 
      Class:      1.10 MB capacity,   870.44 KB ( 77%) used,   253.44 KB ( 22%) free+waste,     5.13 KB ( <1%) overhead. 
       Both:      9.41 MB capacity,     7.09 MB ( 75%) used,     2.30 MB ( 24%) free+waste,    15.00 KB ( <1%) overhead. 

Virtual space:
  Non-class space:       16.00 MB reserved,       8.50 MB ( 53%) committed 
      Class space:        1.00 GB reserved,       1.13 MB ( <1%) committed 
             Both:        1.02 GB reserved,       9.63 MB ( <1%) committed 

Chunk freelists:
   Non-Class:  8.00 KB
       Class:  23.00 KB
        Both:  31.00 KB

MaxMetaspaceSize: 17179869184.00 GB
CompressedClassSpaceSize: 1.00 GB

CodeHeap 'non-profiled nmethods': size=120000Kb used=535Kb max_used=535Kb free=119464Kb
 bounds [0x00000181a7690000, 0x00000181a7900000, 0x00000181aebc0000]
CodeHeap 'profiled nmethods': size=120000Kb used=2699Kb max_used=2699Kb free=117301Kb
 bounds [0x00000181a0160000, 0x00000181a0410000, 0x00000181a7690000]
CodeHeap 'non-nmethods': size=5760Kb used=1159Kb max_used=1208Kb free=4601Kb
 bounds [0x000001819fbc0000, 0x000001819fe30000, 0x00000181a0160000]
 total_blobs=1716 nmethods=1306 adapters=323
 compilation: enabled
              stopped_count=0, restarted_count=0
 full_count=0

Compilation events (20 events):
Event: 0.656 Thread 0x00000181baded800 1268       3       jdk.internal.org.objectweb.asm.ByteVector::putByteArray (49 bytes)
Event: 0.656 Thread 0x00000181baded800 nmethod 1268 0x00000181a03e2490 code [0x00000181a03e2640, 0x00000181a03e2938]
Event: 0.656 Thread 0x00000181baded800 1267       3       jdk.internal.org.objectweb.asm.Handler::getExceptionTableSize (10 bytes)
Event: 0.656 Thread 0x00000181baded800 nmethod 1267 0x00000181a03e2a90 code [0x00000181a03e2c40, 0x00000181a03e2e38]
Event: 0.656 Thread 0x00000181baded800 1265       3       jdk.internal.org.objectweb.asm.MethodWriter::endCurrentBasicBlockWithNoSuccessor (94 bytes)
Event: 0.656 Thread 0x00000181baded800 nmethod 1265 0x00000181a03e2f90 code [0x00000181a03e3180, 0x00000181a03e3848]
Event: 0.659 Thread 0x00000181baded800 1269       3       com.google.inject.TypeLiteral::getSupertype (35 bytes)
Event: 0.659 Thread 0x00000181baded800 nmethod 1269 0x00000181a03e3a90 code [0x00000181a03e3cc0, 0x00000181a03e45d8]
Event: 0.659 Thread 0x00000181baded800 1272       3       java.util.TimSort::sort (229 bytes)
Event: 0.660 Thread 0x00000181baded800 nmethod 1272 0x00000181a03e4890 code [0x00000181a03e4ac0, 0x00000181a03e51b8]
Event: 0.660 Thread 0x00000181baded800 1273       3       java.util.Arrays::sort (37 bytes)
Event: 0.660 Thread 0x00000181baded800 nmethod 1273 0x00000181a03e5590 code [0x00000181a03e5760, 0x00000181a03e59b8]
Event: 0.660 Thread 0x00000181baded800 1271       3       java.lang.Class::getDeclaredFields (27 bytes)
Event: 0.660 Thread 0x00000181baded800 nmethod 1271 0x00000181a03e5b10 code [0x00000181a03e5d00, 0x00000181a03e6038]
Event: 0.660 Thread 0x00000181baded800 1270       3       java.lang.Class::getGenericSuperclass (28 bytes)
Event: 0.661 Thread 0x00000181baded800 nmethod 1270 0x00000181a03e6190 code [0x00000181a03e63e0, 0x00000181a03e6e18]
Event: 0.664 Thread 0x00000181baded800 1275   !   3       com.google.inject.spi.InjectionPoint::getInjectionPoints (489 bytes)
Event: 0.666 Thread 0x00000181baded800 nmethod 1275 0x00000181a03e7110 code [0x00000181a03e7760, 0x00000181a03eaf88]
Event: 0.666 Thread 0x00000181baded800 1276       3       com.google.common.collect.ImmutableSet::copyOf (42 bytes)
Event: 0.667 Thread 0x00000181baded800 nmethod 1276 0x00000181a03ec490 code [0x00000181a03ec680, 0x00000181a03ecd48]

GC Heap History (2 events):
Event: 0.468 GC heap before
{Heap before GC invocations=0 (full 0):
 garbage-first heap   total 262144K, used 21504K [0x0000000700e00000, 0x0000000800000000)
  region size 1024K, 21 young (21504K), 0 survivors (0K)
 Metaspace       used 5057K, capacity 7710K, committed 7808K, reserved 1056768K
  class space    used 605K, capacity 893K, committed 896K, reserved 1048576K
}
Event: 0.471 GC heap after
{Heap after GC invocations=1 (full 0):
 garbage-first heap   total 262144K, used 3463K [0x0000000700e00000, 0x0000000800000000)
  region size 1024K, 3 young (3072K), 3 survivors (3072K)
 Metaspace       used 5057K, capacity 7710K, committed 7808K, reserved 1056768K
  class space    used 605K, capacity 893K, committed 896K, reserved 1048576K
}

Deoptimization events (20 events):
Event: 0.544 Thread 0x0000018197412000 DEOPT PACKING pc=0x00000181a76f5e80 sp=0x0000003f353fd2b0
Event: 0.544 Thread 0x0000018197412000 DEOPT UNPACKING pc=0x000001819fc0912f sp=0x0000003f353fd238 mode 2
Event: 0.544 Thread 0x0000018197412000 Uncommon trap: trap_request=0xffffffde fr.pc=0x00000181a76f5e80 relative=0x0000000000000120
Event: 0.544 Thread 0x0000018197412000 Uncommon trap: reason=class_check action=maybe_recompile pc=0x00000181a76f5e80 method=jdk.internal.misc.Unsafe.allocateUninitializedArray(Ljava/lang/Class;I)Ljava/lang/Object; @ 51 c2
Event: 0.544 Thread 0x0000018197412000 DEOPT PACKING pc=0x00000181a76f5e80 sp=0x0000003f353fd160
Event: 0.544 Thread 0x0000018197412000 DEOPT UNPACKING pc=0x000001819fc0912f sp=0x0000003f353fd0e8 mode 2
Event: 0.544 Thread 0x0000018197412000 Uncommon trap: trap_request=0xffffffde fr.pc=0x00000181a76f5e80 relative=0x0000000000000120
Event: 0.544 Thread 0x0000018197412000 Uncommon trap: reason=class_check action=maybe_recompile pc=0x00000181a76f5e80 method=jdk.internal.misc.Unsafe.allocateUninitializedArray(Ljava/lang/Class;I)Ljava/lang/Object; @ 51 c2
Event: 0.544 Thread 0x0000018197412000 DEOPT PACKING pc=0x00000181a76f5e80 sp=0x0000003f353fd160
Event: 0.544 Thread 0x0000018197412000 DEOPT UNPACKING pc=0x000001819fc0912f sp=0x0000003f353fd0e8 mode 2
Event: 0.588 Thread 0x0000018197412000 Uncommon trap: trap_request=0xffffff45 fr.pc=0x00000181a76fe204 relative=0x0000000000000564
Event: 0.588 Thread 0x0000018197412000 Uncommon trap: reason=unstable_if action=reinterpret pc=0x00000181a76fe204 method=java.lang.String.<init>([CIILjava/lang/Void;)V @ 5 c2
Event: 0.588 Thread 0x0000018197412000 DEOPT PACKING pc=0x00000181a76fe204 sp=0x0000003f353fda00
Event: 0.588 Thread 0x0000018197412000 DEOPT UNPACKING pc=0x000001819fc0912f sp=0x0000003f353fd898 mode 2
Event: 0.621 Thread 0x0000018197412000 DEOPT PACKING pc=0x00000181a03735ae sp=0x0000003f353fdbb0
Event: 0.621 Thread 0x0000018197412000 DEOPT UNPACKING pc=0x000001819fc0964e sp=0x0000003f353fd020 mode 0
Event: 0.645 Thread 0x0000018197412000 Uncommon trap: trap_request=0xffffffc6 fr.pc=0x00000181a76d4678 relative=0x0000000000000658
Event: 0.645 Thread 0x0000018197412000 Uncommon trap: reason=bimorphic_or_optimized_type_check action=maybe_recompile pc=0x00000181a76d4678 method=java.util.concurrent.ConcurrentHashMap.get(Ljava/lang/Object;)Ljava/lang/Object; @ 149 c2
Event: 0.645 Thread 0x0000018197412000 DEOPT PACKING pc=0x00000181a76d4678 sp=0x0000003f353fd120
Event: 0.645 Thread 0x0000018197412000 DEOPT UNPACKING pc=0x000001819fc0912f sp=0x0000003f353fd0c0 mode 2

Classes unloaded (0 events):
No events

Classes redefined (0 events):
No events

Internal exceptions (11 events):
Event: 0.113 Thread 0x0000018197412000 Exception <a 'java/lang/NoSuchMethodError'{0x0000000710a50068}: 'int java.lang.invoke.DirectMethodHandle$Holder.invokeSpecialIFC(java.lang.Object, java.lang.Object, int)'> (0x0000000710a50068) 
thrown [./open/src/hotspot/share/interpreter/linkResolver.cpp, line 766]
Event: 0.124 Thread 0x0000018197412000 Exception <a 'java/lang/NullPointerException'{0x0000000710ab6c80}> (0x0000000710ab6c80) 
thrown [./open/src/hotspot/share/interpreter/linkResolver.cpp, line 1348]
Event: 0.136 Thread 0x0000018197412000 Exception <a 'java/lang/NullPointerException'{0x0000000710ae9590}> (0x0000000710ae9590) 
thrown [./open/src/hotspot/share/interpreter/linkResolver.cpp, line 1348]
Event: 0.136 Thread 0x0000018197412000 Exception <a 'java/lang/NullPointerException'{0x0000000710ae9860}> (0x0000000710ae9860) 
thrown [./open/src/hotspot/share/interpreter/linkResolver.cpp, line 1348]
Event: 0.136 Thread 0x0000018197412000 Exception <a 'java/lang/NullPointerException'{0x0000000710ae9b30}> (0x0000000710ae9b30) 
thrown [./open/src/hotspot/share/interpreter/linkResolver.cpp, line 1348]
Event: 0.136 Thread 0x0000018197412000 Exception <a 'java/lang/NullPointerException'{0x0000000710aeffb8}> (0x0000000710aeffb8) 
thrown [./open/src/hotspot/share/interpreter/linkResolver.cpp, line 1348]
Event: 0.137 Thread 0x0000018197412000 Exception <a 'java/lang/NullPointerException'{0x0000000710afe048}> (0x0000000710afe048) 
thrown [./open/src/hotspot/share/interpreter/linkResolver.cpp, line 1348]
Event: 0.138 Thread 0x0000018197412000 Exception <a 'java/lang/NullPointerException'{0x0000000710afe318}> (0x0000000710afe318) 
thrown [./open/src/hotspot/share/interpreter/linkResolver.cpp, line 1348]
Event: 0.138 Thread 0x0000018197412000 Exception <a 'java/lang/NullPointerException'{0x0000000710afe5e8}> (0x0000000710afe5e8) 
thrown [./open/src/hotspot/share/interpreter/linkResolver.cpp, line 1348]
Event: 0.138 Thread 0x0000018197412000 Exception <a 'java/lang/NullPointerException'{0x0000000710afe8b8}> (0x0000000710afe8b8) 
thrown [./open/src/hotspot/share/interpreter/linkResolver.cpp, line 1348]
Event: 0.426 Thread 0x0000018197412000 Exception <a 'java/lang/NoClassDefFoundError'{0x000000070fde0868}: javax/enterprise/inject/Typed> (0x000000070fde0868) 
thrown [./open/src/hotspot/share/classfile/systemDictionary.cpp, line 215]

Events (20 events):
Event: 0.564 loading class jdk/internal/reflect/MethodAccessorGenerator$1
Event: 0.564 loading class jdk/internal/reflect/MethodAccessorGenerator$1 done
Event: 0.564 loading class jdk/internal/reflect/ClassDefiner
Event: 0.564 loading class jdk/internal/reflect/ClassDefiner done
Event: 0.564 loading class jdk/internal/reflect/ClassDefiner$1
Event: 0.564 loading class jdk/internal/reflect/ClassDefiner$1 done
Event: 0.564 loading class jdk/internal/reflect/BootstrapConstructorAccessorImpl
Event: 0.564 loading class jdk/internal/reflect/BootstrapConstructorAccessorImpl done
Event: 0.571 Executing VM operation: BulkRevokeBias
Event: 0.571 Executing VM operation: BulkRevokeBias done
Event: 0.657 loading class java/nio/channels/ReadableByteChannel
Event: 0.657 loading class java/nio/channels/Channel
Event: 0.657 loading class java/nio/channels/Channel done
Event: 0.657 loading class java/nio/channels/ReadableByteChannel done
Event: 0.657 loading class java/nio/channels/WritableByteChannel
Event: 0.657 loading class java/nio/channels/WritableByteChannel done
Event: 0.657 loading class java/lang/NumberFormatException
Event: 0.657 loading class java/lang/NumberFormatException done
Event: 0.660 Executing VM operation: HandshakeAllThreads
Event: 0.660 Executing VM operation: HandshakeAllThreads done


Dynamic libraries:
0x00007ff72b2a0000 - 0x00007ff72b2af000 	C:\Program Files\Java\jdk-14.0.2\bin\java.exe
0x00007fffa6ab0000 - 0x00007fffa6ca8000 	C:\Windows\SYSTEM32\ntdll.dll
0x00007fffa5710000 - 0x00007fffa57cf000 	C:\Windows\System32\KERNEL32.DLL
0x00007fffa4370000 - 0x00007fffa4642000 	C:\Windows\System32\KERNELBASE.dll
0x00007fffa49a0000 - 0x00007fffa4aa0000 	C:\Windows\System32\ucrtbase.dll
0x00007fff88890000 - 0x00007fff888a8000 	C:\Program Files\Java\jdk-14.0.2\bin\jli.dll
0x00007fff75b50000 - 0x00007fff75b65000 	C:\Program Files\Java\jdk-14.0.2\bin\VCRUNTIME140.dll
0x00007fffa5b30000 - 0x00007fffa5bde000 	C:\Windows\System32\ADVAPI32.dll
0x00007fffa64d0000 - 0x00007fffa656e000 	C:\Windows\System32\msvcrt.dll
0x00007fffa6710000 - 0x00007fffa67ac000 	C:\Windows\System32\sechost.dll
0x00007fffa4b70000 - 0x00007fffa4c95000 	C:\Windows\System32\RPCRT4.dll
0x00007fffa6570000 - 0x00007fffa670d000 	C:\Windows\System32\USER32.dll
0x00007fff90ec0000 - 0x00007fff9115a000 	C:\Windows\WinSxS\amd64_microsoft.windows.common-controls_6595b64144ccf1df_6.0.19041.1110_none_60b5254171f9507e\COMCTL32.dll
0x00007fffa4aa0000 - 0x00007fffa4ac2000 	C:\Windows\System32\win32u.dll
0x00007fffa5320000 - 0x00007fffa534b000 	C:\Windows\System32\GDI32.dll
0x00007fffa41b0000 - 0x00007fffa42bf000 	C:\Windows\System32\gdi32full.dll
0x00007fffa4650000 - 0x00007fffa46ed000 	C:\Windows\System32\msvcp_win.dll
0x00007fff9f200000 - 0x00007fff9f20a000 	C:\Windows\SYSTEM32\VERSION.dll
0x00007fffa57d0000 - 0x00007fffa5802000 	C:\Windows\System32\IMM32.DLL
0x00007fff6c690000 - 0x00007fff6c72b000 	C:\Program Files\Java\jdk-14.0.2\bin\msvcp140.dll
0x00007fff5fcf0000 - 0x00007fff6080e000 	C:\Program Files\Java\jdk-14.0.2\bin\server\jvm.dll
0x00007fffa5be0000 - 0x00007fffa5be8000 	C:\Windows\System32\PSAPI.DLL
0x00007fff86170000 - 0x00007fff86179000 	C:\Windows\SYSTEM32\WSOCK32.dll
0x00007fff9cac0000 - 0x00007fff9cae7000 	C:\Windows\SYSTEM32\WINMM.dll
0x00007fffa4b00000 - 0x00007fffa4b6b000 	C:\Windows\System32\WS2_32.dll
0x00007fffa2050000 - 0x00007fffa2062000 	C:\Windows\SYSTEM32\kernel.appcore.dll
0x00007fff89030000 - 0x00007fff8903a000 	C:\Program Files\Java\jdk-14.0.2\bin\jimage.dll
0x00007fff92f60000 - 0x00007fff93144000 	C:\Windows\SYSTEM32\DBGHELP.DLL
0x00007fff8ee10000 - 0x00007fff8ee3c000 	C:\Windows\SYSTEM32\dbgcore.DLL
0x00007fffa47b0000 - 0x00007fffa4832000 	C:\Windows\System32\bcryptPrimitives.dll
0x00007fff75840000 - 0x00007fff75865000 	C:\Program Files\Java\jdk-14.0.2\bin\java.dll
0x00007fff75900000 - 0x00007fff75916000 	C:\Program Files\Java\jdk-14.0.2\bin\zip.dll
0x00007fffa5d80000 - 0x00007fffa64c3000 	C:\Windows\System32\SHELL32.dll
0x00007fffa2250000 - 0x00007fffa29e2000 	C:\Windows\SYSTEM32\windows.storage.dll
0x00007fffa5350000 - 0x00007fffa56a4000 	C:\Windows\System32\combase.dll
0x00007fffa3b30000 - 0x00007fffa3b60000 	C:\Windows\SYSTEM32\Wldp.dll
0x00007fffa5a80000 - 0x00007fffa5b2d000 	C:\Windows\System32\SHCORE.dll
0x00007fffa5960000 - 0x00007fffa59b5000 	C:\Windows\System32\shlwapi.dll
0x00007fffa40f0000 - 0x00007fffa410f000 	C:\Windows\SYSTEM32\profapi.dll
0x00007fff74b80000 - 0x00007fff74b99000 	C:\Program Files\Java\jdk-14.0.2\bin\net.dll
0x00007fff9cbf0000 - 0x00007fff9ccfc000 	C:\Windows\SYSTEM32\WINHTTP.dll
0x00007fffa3910000 - 0x00007fffa397a000 	C:\Windows\system32\mswsock.dll
0x00007fff74a20000 - 0x00007fff74a32000 	C:\Program Files\Java\jdk-14.0.2\bin\nio.dll
0x0000000069ac0000 - 0x0000000069ae4000 	C:\Program Files\NetBeans-15\netbeans\java\maven\lib\jansi-native\Windows\x86_64\jansi.dll
0x00007fff88f40000 - 0x00007fff88f50000 	C:\Program Files\Java\jdk-14.0.2\bin\verify.dll

dbghelp: loaded successfully - version: 4.0.5 - missing functions: none
symbol engine: initialized successfully - sym options: 0x614 - pdb path: .;C:\Program Files\Java\jdk-14.0.2\bin;C:\Windows\SYSTEM32;C:\Windows\WinSxS\amd64_microsoft.windows.common-controls_6595b64144ccf1df_6.0.19041.1110_none_60b5254171f9507e;C:\Program Files\Java\jdk-14.0.2\bin\server;C:\Program Files\NetBeans-15\netbeans\java\maven\lib\jansi-native\Windows\x86_64

VM Arguments:
jvm_args: -Dclassworlds.conf=C:\Program Files\NetBeans-15\netbeans\java\maven\bin\m2.conf -Dmaven.home=C:\Program Files\NetBeans-15\netbeans\java\maven -Dlibrary.jansi.path=C:\Program Files\NetBeans-15\netbeans\java\maven\lib\jansi-native -Dmaven.multiModuleProjectDirectory=C:\Users\Admin\Documents\NetBeansProjects\cnpmtotnghiep 
java_command: org.codehaus.plexus.classworlds.launcher.Launcher -Dexec.vmArgs= -Dexec.args=${exec.vmArgs} -classpath %classpath ${exec.mainClass} ${exec.appArgs} -Dexec.executable=java -Dexec.mainClass=dao.ComboDishesDAO -Dexec.classpathScope=runtime -Dexec.appArgs= -Dmaven.ext.class.path=C:\Program Files\NetBeans-15\netbeans\java\maven-nblib\netbeans-eventspy.jar -Dfile.encoding=UTF-8 org.codehaus.mojo:exec-maven-plugin:3.0.0:exec
java_class_path (initial): C:\Program Files\NetBeans-15\netbeans\java\maven\boot\plexus-classworlds-2.6.0.jar
Launcher Type: SUN_STANDARD

[Global flags]
     intx CICompilerCount                          = 3                                         {product} {ergonomic}
     uint ConcGCThreads                            = 2                                         {product} {ergonomic}
     uint G1ConcRefinementThreads                  = 6                                         {product} {ergonomic}
   size_t G1HeapRegionSize                         = 1048576                                   {product} {ergonomic}
    uintx GCDrainStackTargetSize                   = 64                                        {product} {ergonomic}
   size_t InitialHeapSize                          = 268435456                                 {product} {ergonomic}
   size_t MarkStackSize                            = 4194304                                   {product} {ergonomic}
   size_t MaxHeapSize                              = 4280287232                                {product} {ergonomic}
   size_t MaxNewSize                               = 2567962624                                {product} {ergonomic}
   size_t MinHeapDeltaBytes                        = 1048576                                   {product} {ergonomic}
   size_t MinHeapSize                              = 8388608                                   {product} {ergonomic}
    uintx NonNMethodCodeHeapSize                   = 5832780                                {pd product} {ergonomic}
    uintx NonProfiledCodeHeapSize                  = 122912730                              {pd product} {ergonomic}
    uintx ProfiledCodeHeapSize                     = 122912730                              {pd product} {ergonomic}
    uintx ReservedCodeCacheSize                    = 251658240                              {pd product} {ergonomic}
     bool SegmentedCodeCache                       = true                                      {product} {ergonomic}
   size_t SoftMaxHeapSize                          = 4280287232                             {manageable} {ergonomic}
     bool UseCompressedClassPointers               = true                                 {lp64_product} {ergonomic}
     bool UseCompressedOops                        = true                                 {lp64_product} {ergonomic}
     bool UseG1GC                                  = true                                      {product} {ergonomic}
     bool UseLargePagesIndividualAllocation        = false                                  {pd product} {ergonomic}

Logging:
Log output configuration:
 #0: stdout all=warning uptime,level,tags
 #1: stderr all=off uptime,level,tags

Environment Variables:
JAVA_HOME=C:\Program Files\Java\jdk-14.0.2
PATH=C:\Windows\system32;C:\Windows;C:\Windows\System32\Wbem;C:\Windows\System32\WindowsPowerShell\v1.0\;C:\Windows\System32\OpenSSH\;C:\Program Files (x86)\NVIDIA Corporation\PhysX\Common;C:\Program Files\NVIDIA Corporation\NVIDIA NvDLISR;C:\Program Files\Go\bin;C:\Program Files\Docker\Docker\resources\bin;C:\ProgramData\DockerDesktop\version-bin;C:\Program Files\Git\cmd;C:\Program Files\TortoiseGit\bin;C:\Program Files\Java\jdk-14.0.2\bin;C:\Program Files\MySQL\MySQL Shell 8.0\bin\;C:\Users\Admin\AppData\Local\Programs\Python\Python310\Scripts\;C:\Users\Admin\AppData\Local\Programs\Python\Python310\;C:\Users\Admin\AppData\Local\Microsoft\WindowsApps;C:\Program Files\JetBrains\GoLand 2022.1\bin;;C:\Users\Admin\go\bin;C:\Users\Admin\AppData\Local\Programs\Microsoft VS Code\bin;C:\Program Files\Java\jdk-14.0.2\bin;C:\Program Files\JetBrains\PhpStorm 2022.1.3\bin;;C:\Program Files\Java\jdk-14.0.2\bin;
USERNAME=Admin
OS=Windows_NT
PROCESSOR_IDENTIFIER=Intel64 Family 6 Model 158 Stepping 10, GenuineIntel



---------------  S Y S T E M  ---------------

OS: Windows 10 , 64 bit Build 19041 (10.0.19041.2251)
OS uptime: 13 days 6:27 hours
HyperV virtualization detected

CPU:total 6 (initial active 6) (6 cores per cpu, 1 threads per core) family 6 model 158 stepping 10, cmov, cx8, fxsr, mmx, sse, sse2, sse3, ssse3, sse4.1, sse4.2, popcnt, avx, avx2, aes, clmul, erms, 3dnowpref, lzcnt, tsc, tscinvbit, bmi1, bmi2, adx, fma

Memory: 4k page, system-wide physical 16322M (3686M free)
TotalPageFile size 16322M (AvailPageFile size 248M)
current process WorkingSet (physical memory assigned to process): 65M, peak: 89M
current process commit charge ("private bytes"): 122M, peak: 367M

vm_info: Java HotSpot(TM) 64-Bit Server VM (14.0.2+12-46) for windows-amd64 JRE (14.0.2+12-46), built on Jul  9 2020 00:35:52 by "mach5one" with MS VC++ 15.9 (VS2017)

END.
